<?xml version="1.0" encoding="UTF-8"?>
<testng-results skipped="0" failed="0" ignored="0" total="1" passed="1">
  <reporter-output>
  </reporter-output>
  <suite name="Default suite" duration-ms="470" started-at="2019-03-05T13:56:17Z" finished-at="2019-03-05T13:56:18Z">
    <groups>
    </groups>
    <test name="Default test" duration-ms="470" started-at="2019-03-05T13:56:17Z" finished-at="2019-03-05T13:56:18Z">
      <class name="fileinput.writngtoxml">
        <test-method status="PASS" signature="write()[pri:0, instance:fileinput.writngtoxml@d8355a8]" name="write" duration-ms="412" started-at="2019-03-05T13:56:17Z" finished-at="2019-03-05T13:56:18Z">
          <reporter-output>
          </reporter-output>
        </test-method> <!-- write -->
      </class> <!-- fileinput.writngtoxml -->
    </test> <!-- Default test -->
  </suite> <!-- Default suite -->
</testng-results>
